<?xml version="1.0" encoding="UTF-8"?>
<!-- Generated by org.testng.reporters.JUnitReportReporter -->
<testsuite hostname="MLBMYSL-106608" name="org.xframium.driver.XMLTestDriver" tests="1" failures="0" timestamp="27 Feb 2020 07:40:37 GMT" time="17.868" errors="0">
  <testcase name="testDriver" time="17.868" classname="org.xframium.driver.XMLTestDriver"/>
</testsuite> <!-- org.xframium.driver.XMLTestDriver -->
