<?xml version="1.0" encoding="UTF-8"?>
<!-- Generated by org.testng.reporters.JUnitReportReporter -->
<testsuite hostname="MLBMYSL-106608" name="org.xframium.driver.XMLTestDriver" tests="1" failures="0" timestamp="13 May 2020 14:13:05 GMT" time="51.554" errors="1">
  <testcase name="testDriver" time="51.554" classname="org.xframium.driver.XMLTestDriver">
    <error type="org.xframium.exception.ScriptConfigurationException" message="unknown error: unhandled inspector error: {&quot;code&quot;:-32000,&quot;message&quot;:&quot;Cannot find context with specified id&quot;}
  (Session info: chrome=79.0.3945.88)
Build info: version: &#039;3.13.0&#039;, revision: &#039;2f0d292&#039;, time: &#039;2018-06-25T15:24:21.231Z&#039;
System info: host: &#039;MLBMYSL-106608&#039;, ip: &#039;10.13.58.43&#039;, os.name: &#039;Windows 10&#039;, os.arch: &#039;amd64&#039;, os.version: &#039;10.0&#039;, java.version: &#039;1.8.0_91&#039;
Driver info: org.openqa.selenium.remote.RemoteWebDriver
Capabilities {acceptInsecureCerts: false, browserName: chrome, browserVersion: 79.0.3945.88, chrome: {chromedriverVersion: 79.0.3945.36 (3582db32b3389..., userDataDir: C:\Users\MADHU~1.SAN\AppDat...}, goog:chromeOptions: {debuggerAddress: localhost:61842}, javascriptEnabled: true, networkConnectionEnabled: false, pageLoadStrategy: normal, platform: WINDOWS, platformName: WINDOWS, proxy: Proxy(), setWindowRect: true, strictFileInteractability: false, timeouts: {implicit: 0, pageLoad: 300000, script: 30000}, unhandledPromptBehavior: dismiss and notify, webdriver.remote.sessionid: e5ed5f8b9557632541d4d334a70...}
Session ID: e5ed5f8b9557632541d4d334a70a7c88">
      <![CDATA[unknown error: unhandled inspector error: {"code":-32000,"message":"Cannot find context with specified id"}
  (Session info: chrome=79.0.3945.88)
Build info: version: '3.13.0', revision: '2f0d292', time: '2018-06-25T15:24:21.231Z'
System info: host: 'MLBMYSL-106608', ip: '10.13.58.43', os.name: 'Windows 10', os.arch: 'amd64', os.version: '10.0', java.version: '1.8.0_91'
Driver info: org.openqa.selenium.remote.RemoteWebDriver
Capabilities {acceptInsecureCerts: false, browserName: chrome, browserVersion: 79.0.3945.88, chrome: {chromedriverVersion: 79.0.3945.36 (3582db32b3389..., userDataDir: C:\Users\MADHU~1.SAN\AppDat...}, goog:chromeOptions: {debuggerAddress: localhost:61842}, javascriptEnabled: true, networkConnectionEnabled: false, pageLoadStrategy: normal, platform: WINDOWS, platformName: WINDOWS, proxy: Proxy(), setWindowRect: true, strictFileInteractability: false, timeouts: {implicit: 0, pageLoad: 300000, script: 30000}, unhandledPromptBehavior: dismiss and notify, webdriver.remote.sessionid: e5ed5f8b9557632541d4d334a70...}
Session ID: e5ed5f8b9557632541d4d334a70a7c88
	at org.xframium.page.keyWord.step.AbstractKeyWordStep.executeStep(AbstractKeyWordStep.java:1325)
	at org.xframium.page.keyWord.KeyWordTest.executeTest(KeyWordTest.java:529)
	at org.xframium.page.keyWord.KeyWordDriver.executionFunction(KeyWordDriver.java:495)
	at org.xframium.page.keyWord.step.spi.KWSCall2._executeStep(KWSCall2.java:148)
	at org.xframium.page.keyWord.step.AbstractKeyWordStep.executeStep(AbstractKeyWordStep.java:1216)
	at org.xframium.page.keyWord.KeyWordTest.executeTest(KeyWordTest.java:529)
	at org.xframium.page.keyWord.KeyWordDriver.executionFunction(KeyWordDriver.java:495)
	at org.xframium.page.keyWord.step.spi.KWSCall2._executeStep(KWSCall2.java:148)
	at org.xframium.page.keyWord.step.AbstractKeyWordStep.executeStep(AbstractKeyWordStep.java:1216)
	at org.xframium.page.keyWord.KeyWordTest.executeTest(KeyWordTest.java:529)
	at org.xframium.page.keyWord.KeyWordDriver.executeTest(KeyWordDriver.java:777)
	at org.xframium.driver.XMLTestDriver.testDriver(XMLTestDriver.java:288)
	at sun.reflect.NativeMethodAccessorImpl.invoke0(Native Method)
	at sun.reflect.NativeMethodAccessorImpl.invoke(Unknown Source)
	at sun.reflect.DelegatingMethodAccessorImpl.invoke(Unknown Source)
	at java.lang.reflect.Method.invoke(Unknown Source)
	at org.testng.internal.MethodInvocationHelper.invokeMethod(MethodInvocationHelper.java:86)
	at org.testng.internal.Invoker.invokeMethod(Invoker.java:643)
	at org.testng.internal.Invoker.invokeTestMethod(Invoker.java:820)
	at org.testng.internal.TestMethodWithDataProviderMethodWorker.call(TestMethodWithDataProviderMethodWorker.java:75)
	at org.testng.internal.TestMethodWithDataProviderMethodWorker.call(TestMethodWithDataProviderMethodWorker.java:14)
	at java.util.concurrent.FutureTask.run(Unknown Source)
	at java.util.concurrent.Executors$RunnableAdapter.call(Unknown Source)
	at java.util.concurrent.FutureTask.run(Unknown Source)
	at java.util.concurrent.ThreadPoolExecutor.runWorker(Unknown Source)
	at java.util.concurrent.ThreadPoolExecutor$Worker.run(Unknown Source)
	at java.lang.Thread.run(Unknown Source)
]]>
    </error>
  </testcase> <!-- testDriver -->
</testsuite> <!-- org.xframium.driver.XMLTestDriver -->
